pro.DZ6561Fe.png:1  Failed to load resource: the server responded with a status of 404 ()
Dk5iUiiY.js:1  Failed to load resource: the server responded with a status of 404 ()
/_payload.json?30ca83bf-fb39-4f04-a7f8-5a2d0822b78c:1  Failed to load resource: the server responded with a status of 404 ()
CIPD9C4U.js:1  Failed to load resource: the server responded with a status of 404 ()
OC1q_Emc.js:1  Failed to load resource: the server responded with a status of 404 ()
Du9USHdm.js:1  Failed to load resource: the server responded with a status of 404 ()
BbkxFouj.js:1  Failed to load resource: the server responded with a status of 404 ()
/_nuxt/builds/meta/30ca83bf-fb39-4f04-a7f8-5a2d0822b78c.json:1  Failed to load resource: the server responded with a status of 404 ()
wow-icon-2.DHIKvl6a.png:1  Failed to load resource: the server responded with a status of 404 ()
CCny860o.js:1  Failed to load resource: the server responded with a status of 404 ()
D3e4MuSM.js:1  Failed to load resource: the server responded with a status of 404 ()
index.ts-7f325e85.js:1 [Long Running Recorder] Content script initialised
wow-icon-2.DHIKvl6a.png:1  Failed to load resource: the server responded with a status of 404 ()
pro.DZ6561Fe.png:1  Failed to load resource: the server responded with a status of 404 ()
index.ts-7f325e85.js:3 [Long Running Recorder] Recorder disabled
record-api.js:169 root
content-script.js:194 Content Script re-injected or page loaded
content-script.js:196 Keep-Alive mechanism ongoing
davidlarsen.me/:1 The resource https://davidlarsen.me/_nuxt/builds/meta/30ca83bf-fb39-4f04-a7f8-5a2d0822b78c.json was preloaded using link preload but not used within a few seconds from the window's load event. Please make sure it has an appropriate `as` value and it is preloaded intentionally.
davidlarsen.me/:1 The resource https://davidlarsen.me/_payload.json?30ca83bf-fb39-4f04-a7f8-5a2d0822b78c was preloaded using link preload but not used within a few seconds from the window's load event. Please make sure it has an appropriate `as` value and it is preloaded intentionally.
davidlarsen.me/:1 The resource https://davidlarsen.me/_nuxt/builds/meta/30ca83bf-fb39-4f04-a7f8-5a2d0822b78c.json was preloaded using link preload but not used within a few seconds from the window's load event. Please make sure it has an appropriate `as` value and it is preloaded intentionally.
davidlarsen.me/:1 The resource https://davidlarsen.me/_payload.json?30ca83bf-fb39-4f04-a7f8-5a2d0822b78c was preloaded using link preload but not used within a few seconds from the window's load event. Please make sure it has an appropriate `as` value and it is preloaded intentionally.
